build/app/intermediates/manifest_merge_blame_file/release/manifest-merger-blame-release-report.txt
1<?xml version="1.0" encoding="utf-8"?>
2<manifest xmlns:android="http://schemas.android.com/apk/res/android"
3    package="com.stylemixthemes.masterstudyapp"
4    android:versionCode="67"
5    android:versionName="2.2.5" >
6
7    <uses-sdk
8        android:minSdkVersion="21"
8-->src\main\AndroidManifest.xml
9        android:targetSdkVersion="34" />
9-->src\main\AndroidManifest.xml
10
11    <uses-permission android:name="android.permission.READ_EXTERNAL_STORAGE" />
11-->src\main\AndroidManifest.xml:4:5-80
11-->src\main\AndroidManifest.xml:4:22-77
12    <uses-permission android:name="android.permission.WRITE_EXTERNAL_STORAGE" />
12-->src\main\AndroidManifest.xml:5:5-81
12-->src\main\AndroidManifest.xml:5:22-78
13    <uses-permission android:name="android.permission.INTERNET" />
13-->src\main\AndroidManifest.xml:6:5-67
13-->src\main\AndroidManifest.xml:6:22-64
14    <uses-permission android:name="android.permission.ACCESS_NETWORK_STATE" />
14-->src\main\AndroidManifest.xml:7:5-79
14-->src\main\AndroidManifest.xml:7:22-76
15    <uses-permission android:name="android.permission.WAKE_LOCK" />
15-->src\main\AndroidManifest.xml:8:5-68
15-->src\main\AndroidManifest.xml:8:22-65
16
17    <queries>
17-->src\main\AndroidManifest.xml:68:5-97:15
18
19        <!-- If your app opens https URLs -->
20        <intent>
20-->src\main\AndroidManifest.xml:70:9-73:18
21            <action android:name="android.intent.action.VIEW" />
21-->src\main\AndroidManifest.xml:43:17-69
21-->src\main\AndroidManifest.xml:43:25-66
22
23            <data android:scheme="https" />
23-->src\main\AndroidManifest.xml:46:17-75
23-->src\main\AndroidManifest.xml:46:23-72
24        </intent>
25        <intent>
25-->src\main\AndroidManifest.xml:74:9-77:18
26            <action android:name="android.intent.action.SEND" />
26-->src\main\AndroidManifest.xml:75:13-65
26-->src\main\AndroidManifest.xml:75:21-62
27
28            <data android:mimeType="*/*" />
28-->src\main\AndroidManifest.xml:46:17-75
28-->src\main\AndroidManifest.xml:76:19-41
29        </intent>
30        <intent>
30-->src\main\AndroidManifest.xml:70:9-73:18
31            <action android:name="android.intent.action.VIEW" />
31-->src\main\AndroidManifest.xml:43:17-69
31-->src\main\AndroidManifest.xml:43:25-66
32
33            <data android:scheme="https" />
33-->src\main\AndroidManifest.xml:46:17-75
33-->src\main\AndroidManifest.xml:46:23-72
34        </intent>
35        <!-- If your app makes calls -->
36        <intent>
36-->src\main\AndroidManifest.xml:83:9-86:18
37            <action android:name="android.intent.action.DIAL" />
37-->src\main\AndroidManifest.xml:84:13-65
37-->src\main\AndroidManifest.xml:84:21-62
38
39            <data android:scheme="tel" />
39-->src\main\AndroidManifest.xml:46:17-75
39-->src\main\AndroidManifest.xml:46:23-72
40        </intent>
41        <!-- If your sends SMS messages -->
42        <intent>
42-->src\main\AndroidManifest.xml:88:9-91:18
43            <action android:name="android.intent.action.SENDTO" />
43-->src\main\AndroidManifest.xml:89:13-67
43-->src\main\AndroidManifest.xml:89:21-64
44
45            <data android:scheme="smsto" />
45-->src\main\AndroidManifest.xml:46:17-75
45-->src\main\AndroidManifest.xml:46:23-72
46        </intent>
47        <!-- If your app sends emails -->
48        <intent>
48-->src\main\AndroidManifest.xml:74:9-77:18
49            <action android:name="android.intent.action.SEND" />
49-->src\main\AndroidManifest.xml:75:13-65
49-->src\main\AndroidManifest.xml:75:21-62
50
51            <data android:mimeType="*/*" />
51-->src\main\AndroidManifest.xml:46:17-75
51-->src\main\AndroidManifest.xml:76:19-41
52        </intent>
53        <intent>
53-->[:file_picker] AndroidManifest.xml:12:9-16:18
54            <action android:name="android.intent.action.GET_CONTENT" />
54-->[:file_picker] AndroidManifest.xml:13:13-72
54-->[:file_picker] AndroidManifest.xml:13:21-69
55
56            <data android:mimeType="*/*" />
56-->src\main\AndroidManifest.xml:46:17-75
56-->src\main\AndroidManifest.xml:76:19-41
57        </intent>
58        <intent>
58-->[:flutter_inappwebview_android] AndroidManifest.xml:10:9-12:18
59            <action android:name="android.support.customtabs.action.CustomTabsService" />
59-->[:flutter_inappwebview_android] AndroidManifest.xml:11:13-90
59-->[:flutter_inappwebview_android] AndroidManifest.xml:11:21-87
60        </intent>
61
62        <package android:name="com.facebook.katana" />
62-->[com.facebook.android:facebook-common:16.3.0] AndroidManifest.xml:18:9-55
62-->[com.facebook.android:facebook-common:16.3.0] AndroidManifest.xml:18:18-52
63
64        <intent>
64-->[com.android.billingclient:billing:5.1.0] AndroidManifest.xml:17:9-19:18
65            <action android:name="com.android.vending.billing.InAppBillingService.BIND" />
65-->[com.android.billingclient:billing:5.1.0] AndroidManifest.xml:18:13-91
65-->[com.android.billingclient:billing:5.1.0] AndroidManifest.xml:18:21-88
66        </intent>
67    </queries>
68    <queries>
68-->src\main\AndroidManifest.xml:68:5-97:15
69        <provider android:authorities="com.facebook.katana.provider.PlatformProvider" /> <!-- allows app to access Facebook app features -->
69-->src\main\AndroidManifest.xml:99:9-89
69-->src\main\AndroidManifest.xml:99:19-86
70    </queries>
71    <!-- Permissions options for the `notification` group -->
72    <uses-permission android:name="android.permission.POST_NOTIFICATIONS" />
72-->[:firebase_messaging] AndroidManifest.xml:13:5-77
72-->[:firebase_messaging] AndroidManifest.xml:13:22-74
73    <uses-permission android:name="com.google.android.gms.permission.AD_ID" />
73-->[com.google.android.gms:play-services-measurement-api:21.5.0] AndroidManifest.xml:25:5-79
73-->[com.google.android.gms:play-services-measurement-api:21.5.0] AndroidManifest.xml:25:22-76
74    <uses-permission android:name="android.permission.ACCESS_ADSERVICES_ATTRIBUTION" />
74-->[com.google.android.gms:play-services-measurement-api:21.5.0] AndroidManifest.xml:26:5-88
74-->[com.google.android.gms:play-services-measurement-api:21.5.0] AndroidManifest.xml:26:22-85
75    <uses-permission android:name="android.permission.ACCESS_ADSERVICES_AD_ID" /> <!-- Required by older versions of Google Play services to create IID tokens -->
75-->[com.google.android.gms:play-services-measurement-api:21.5.0] AndroidManifest.xml:27:5-82
75-->[com.google.android.gms:play-services-measurement-api:21.5.0] AndroidManifest.xml:27:22-79
76    <uses-permission android:name="com.google.android.c2dm.permission.RECEIVE" />
76-->[com.google.firebase:firebase-messaging:23.3.1] AndroidManifest.xml:26:5-82
76-->[com.google.firebase:firebase-messaging:23.3.1] AndroidManifest.xml:26:22-79
77    <uses-permission android:name="com.google.android.finsky.permission.BIND_GET_INSTALL_REFERRER_SERVICE" />
77-->[com.google.android.gms:play-services-measurement:21.5.0] AndroidManifest.xml:26:5-110
77-->[com.google.android.gms:play-services-measurement:21.5.0] AndroidManifest.xml:26:22-107
78
79    <permission
79-->[androidx.core:core:1.10.1] AndroidManifest.xml:22:5-24:47
80        android:name="com.stylemixthemes.masterstudyapp.DYNAMIC_RECEIVER_NOT_EXPORTED_PERMISSION"
80-->[androidx.core:core:1.10.1] AndroidManifest.xml:23:9-81
81        android:protectionLevel="signature" />
81-->[androidx.core:core:1.10.1] AndroidManifest.xml:24:9-44
82
83    <uses-permission android:name="com.stylemixthemes.masterstudyapp.DYNAMIC_RECEIVER_NOT_EXPORTED_PERMISSION" />
83-->[androidx.core:core:1.10.1] AndroidManifest.xml:26:5-97
83-->[androidx.core:core:1.10.1] AndroidManifest.xml:26:22-94
84    <uses-permission android:name="com.android.vending.BILLING" />
84-->[com.android.billingclient:billing:5.1.0] AndroidManifest.xml:10:5-67
84-->[com.android.billingclient:billing:5.1.0] AndroidManifest.xml:10:22-64
85
86    <application
86-->src\main\AndroidManifest.xml:10:5-66:19
87        android:appComponentFactory="androidx.core.app.CoreComponentFactory"
87-->[androidx.core:core:1.10.1] AndroidManifest.xml:28:18-86
88        android:icon="@mipmap/ic_launcher"
88-->src\main\AndroidManifest.xml:11:9-43
89        android:label="Tape Edit Go"
89-->src\main\AndroidManifest.xml:12:9-37
90        android:requestLegacyExternalStorage="true"
90-->src\main\AndroidManifest.xml:13:9-52
91        android:supportsRtl="true" >
91-->[com.facebook.android:facebook-android-sdk:14.1.1] AndroidManifest.xml:28:18-44
92        <activity
92-->src\main\AndroidManifest.xml:15:9-32:20
93            android:name="com.stylemixthemes.masterstudyapp.MainActivity"
93-->src\main\AndroidManifest.xml:16:13-41
94            android:configChanges="orientation|keyboardHidden|keyboard|screenSize|smallestScreenSize|locale|layoutDirection|fontScale|screenLayout|density|uiMode"
94-->src\main\AndroidManifest.xml:17:13-163
95            android:exported="true"
95-->src\main\AndroidManifest.xml:18:13-36
96            android:hardwareAccelerated="true"
96-->src\main\AndroidManifest.xml:19:13-47
97            android:launchMode="singleTop"
97-->src\main\AndroidManifest.xml:20:13-43
98            android:theme="@style/LaunchTheme"
98-->src\main\AndroidManifest.xml:21:13-47
99            android:windowSoftInputMode="adjustResize" >
99-->src\main\AndroidManifest.xml:22:13-55
100            <intent-filter>
100-->src\main\AndroidManifest.xml:23:13-26:29
101                <action android:name="android.intent.action.MAIN" />
101-->src\main\AndroidManifest.xml:24:17-69
101-->src\main\AndroidManifest.xml:24:25-66
102
103                <category android:name="android.intent.category.LAUNCHER" />
103-->src\main\AndroidManifest.xml:25:17-77
103-->src\main\AndroidManifest.xml:25:27-74
104            </intent-filter>
105            <intent-filter>
105-->src\main\AndroidManifest.xml:28:13-31:29
106                <action android:name="FLUTTER_NOTIFICATION_CLICK" />
106-->src\main\AndroidManifest.xml:29:17-69
106-->src\main\AndroidManifest.xml:29:25-66
107
108                <category android:name="android.intent.category.DEFAULT" />
108-->src\main\AndroidManifest.xml:30:17-76
108-->src\main\AndroidManifest.xml:30:27-73
109            </intent-filter>
110        </activity>
111        <activity
111-->src\main\AndroidManifest.xml:34:9-37:48
112            android:name="com.facebook.FacebookActivity"
112-->src\main\AndroidManifest.xml:34:19-63
113            android:configChanges="keyboard|keyboardHidden|screenLayout|screenSize|orientation"
113-->src\main\AndroidManifest.xml:35:13-113
114            android:label="@string/app_name"
114-->src\main\AndroidManifest.xml:37:13-45
115            android:theme="@style/com_facebook_activity_theme" />
115-->[com.facebook.android:facebook-common:16.3.0] AndroidManifest.xml:25:13-63
116        <activity
116-->src\main\AndroidManifest.xml:39:9-48:20
117            android:name="com.facebook.CustomTabActivity"
117-->src\main\AndroidManifest.xml:40:13-58
118            android:exported="true" >
118-->src\main\AndroidManifest.xml:41:13-36
119            <intent-filter>
119-->src\main\AndroidManifest.xml:42:13-47:29
120                <action android:name="android.intent.action.VIEW" />
120-->src\main\AndroidManifest.xml:43:17-69
120-->src\main\AndroidManifest.xml:43:25-66
121
122                <category android:name="android.intent.category.DEFAULT" />
122-->src\main\AndroidManifest.xml:30:17-76
122-->src\main\AndroidManifest.xml:30:27-73
123                <category android:name="android.intent.category.BROWSABLE" />
123-->src\main\AndroidManifest.xml:45:17-78
123-->src\main\AndroidManifest.xml:45:27-75
124
125                <data android:scheme="@string/fb_login_protocol_scheme" />
125-->src\main\AndroidManifest.xml:46:17-75
125-->src\main\AndroidManifest.xml:46:23-72
126            </intent-filter>
127            <intent-filter>
127-->[com.facebook.android:facebook-common:16.3.0] AndroidManifest.xml:31:13-40:29
128                <action android:name="android.intent.action.VIEW" />
128-->src\main\AndroidManifest.xml:43:17-69
128-->src\main\AndroidManifest.xml:43:25-66
129
130                <category android:name="android.intent.category.DEFAULT" />
130-->src\main\AndroidManifest.xml:30:17-76
130-->src\main\AndroidManifest.xml:30:27-73
131                <category android:name="android.intent.category.BROWSABLE" />
131-->src\main\AndroidManifest.xml:45:17-78
131-->src\main\AndroidManifest.xml:45:27-75
132
133                <data
133-->src\main\AndroidManifest.xml:46:17-75
134                    android:host="cct.com.stylemixthemes.masterstudyapp"
135                    android:scheme="fbconnect" />
135-->src\main\AndroidManifest.xml:46:23-72
136            </intent-filter>
137        </activity>
138
139        <!--
140             Don't delete the meta-data below.
141             This is used by the Flutter tool to generate GeneratedPluginRegistrant.java
142        -->
143        <meta-data
143-->src\main\AndroidManifest.xml:52:9-54:33
144            android:name="flutterEmbedding"
144-->src\main\AndroidManifest.xml:53:13-44
145            android:value="2" />
145-->src\main\AndroidManifest.xml:54:13-30
146        <meta-data
146-->src\main\AndroidManifest.xml:55:9-57:52
147            android:name="com.google.firebase.messaging.default_notification_icon"
147-->src\main\AndroidManifest.xml:56:13-83
148            android:resource="@drawable/ic_push" />
148-->src\main\AndroidManifest.xml:57:13-49
149        <meta-data
149-->src\main\AndroidManifest.xml:58:9-60:55
150            android:name="com.facebook.sdk.ApplicationId"
150-->src\main\AndroidManifest.xml:59:13-58
151            android:value="@string/facebook_app_id" />
151-->src\main\AndroidManifest.xml:60:13-52
152        <meta-data
152-->src\main\AndroidManifest.xml:61:9-63:61
153            android:name="com.facebook.sdk.ClientToken"
153-->src\main\AndroidManifest.xml:62:13-56
154            android:value="@string/facebook_client_token" />
154-->src\main\AndroidManifest.xml:63:13-58
155
156        <service
156-->[:firebase_messaging] AndroidManifest.xml:16:9-19:72
157            android:name="io.flutter.plugins.firebase.messaging.FlutterFirebaseMessagingBackgroundService"
157-->[:firebase_messaging] AndroidManifest.xml:17:13-107
158            android:exported="false"
158-->[:firebase_messaging] AndroidManifest.xml:18:13-37
159            android:permission="android.permission.BIND_JOB_SERVICE" />
159-->[:firebase_messaging] AndroidManifest.xml:19:13-69
160        <service
160-->[:firebase_messaging] AndroidManifest.xml:20:9-26:19
161            android:name="io.flutter.plugins.firebase.messaging.FlutterFirebaseMessagingService"
161-->[:firebase_messaging] AndroidManifest.xml:21:13-97
162            android:exported="false" >
162-->[:firebase_messaging] AndroidManifest.xml:22:13-37
163            <intent-filter>
163-->[:firebase_messaging] AndroidManifest.xml:23:13-25:29
164                <action android:name="com.google.firebase.MESSAGING_EVENT" />
164-->[:firebase_messaging] AndroidManifest.xml:24:17-78
164-->[:firebase_messaging] AndroidManifest.xml:24:25-75
165            </intent-filter>
166        </service>
167
168        <receiver
168-->[:firebase_messaging] AndroidManifest.xml:28:9-35:20
169            android:name="io.flutter.plugins.firebase.messaging.FlutterFirebaseMessagingReceiver"
169-->[:firebase_messaging] AndroidManifest.xml:29:13-98
170            android:exported="true"
170-->[:firebase_messaging] AndroidManifest.xml:30:13-36
171            android:permission="com.google.android.c2dm.permission.SEND" >
171-->[:firebase_messaging] AndroidManifest.xml:31:13-73
172            <intent-filter>
172-->[:firebase_messaging] AndroidManifest.xml:32:13-34:29
173                <action android:name="com.google.android.c2dm.intent.RECEIVE" />
173-->[:firebase_messaging] AndroidManifest.xml:33:17-81
173-->[:firebase_messaging] AndroidManifest.xml:33:25-78
174            </intent-filter>
175        </receiver>
176
177        <service
177-->[:firebase_messaging] AndroidManifest.xml:37:9-41:19
178            android:name="com.google.firebase.components.ComponentDiscoveryService"
178-->[:firebase_messaging] AndroidManifest.xml:37:18-89
179            android:directBootAware="true"
179-->[com.google.firebase:firebase-common:20.4.2] AndroidManifest.xml:32:13-43
180            android:exported="false" >
180-->[com.google.android.gms:play-services-measurement-api:21.5.0] AndroidManifest.xml:36:13-37
181            <meta-data
181-->[:firebase_messaging] AndroidManifest.xml:38:13-40:85
182                android:name="com.google.firebase.components:io.flutter.plugins.firebase.messaging.FlutterFirebaseAppRegistrar"
182-->[:firebase_messaging] AndroidManifest.xml:39:17-128
183                android:value="com.google.firebase.components.ComponentRegistrar" />
183-->[:firebase_messaging] AndroidManifest.xml:40:17-82
184            <meta-data
184-->[:firebase_crashlytics] AndroidManifest.xml:11:13-13:85
185                android:name="com.google.firebase.components:io.flutter.plugins.firebase.crashlytics.FlutterFirebaseAppRegistrar"
185-->[:firebase_crashlytics] AndroidManifest.xml:12:17-130
186                android:value="com.google.firebase.components.ComponentRegistrar" />
186-->[:firebase_crashlytics] AndroidManifest.xml:13:17-82
187            <meta-data
187-->[:firebase_core] AndroidManifest.xml:11:13-13:85
188                android:name="com.google.firebase.components:io.flutter.plugins.firebase.core.FlutterFirebaseCoreRegistrar"
188-->[:firebase_core] AndroidManifest.xml:12:17-124
189                android:value="com.google.firebase.components.ComponentRegistrar" />
189-->[:firebase_core] AndroidManifest.xml:13:17-82
190            <meta-data
190-->[com.google.android.gms:play-services-measurement-api:21.5.0] AndroidManifest.xml:37:13-39:85
191                android:name="com.google.firebase.components:com.google.firebase.analytics.connector.internal.AnalyticsConnectorRegistrar"
191-->[com.google.android.gms:play-services-measurement-api:21.5.0] AndroidManifest.xml:38:17-139
192                android:value="com.google.firebase.components.ComponentRegistrar" />
192-->[com.google.android.gms:play-services-measurement-api:21.5.0] AndroidManifest.xml:39:17-82
193            <meta-data
193-->[com.google.firebase:firebase-crashlytics:18.6.0] AndroidManifest.xml:15:13-17:85
194                android:name="com.google.firebase.components:com.google.firebase.crashlytics.FirebaseCrashlyticsKtxRegistrar"
194-->[com.google.firebase:firebase-crashlytics:18.6.0] AndroidManifest.xml:16:17-126
195                android:value="com.google.firebase.components.ComponentRegistrar" />
195-->[com.google.firebase:firebase-crashlytics:18.6.0] AndroidManifest.xml:17:17-82
196            <meta-data
196-->[com.google.firebase:firebase-crashlytics:18.6.0] AndroidManifest.xml:18:13-20:85
197                android:name="com.google.firebase.components:com.google.firebase.crashlytics.CrashlyticsRegistrar"
197-->[com.google.firebase:firebase-crashlytics:18.6.0] AndroidManifest.xml:19:17-115
198                android:value="com.google.firebase.components.ComponentRegistrar" />
198-->[com.google.firebase:firebase-crashlytics:18.6.0] AndroidManifest.xml:20:17-82
199            <meta-data
199-->[com.google.firebase:firebase-messaging:23.3.1] AndroidManifest.xml:57:13-59:85
200                android:name="com.google.firebase.components:com.google.firebase.messaging.FirebaseMessagingKtxRegistrar"
200-->[com.google.firebase:firebase-messaging:23.3.1] AndroidManifest.xml:58:17-122
201                android:value="com.google.firebase.components.ComponentRegistrar" />
201-->[com.google.firebase:firebase-messaging:23.3.1] AndroidManifest.xml:59:17-82
202            <meta-data
202-->[com.google.firebase:firebase-messaging:23.3.1] AndroidManifest.xml:60:13-62:85
203                android:name="com.google.firebase.components:com.google.firebase.messaging.FirebaseMessagingRegistrar"
203-->[com.google.firebase:firebase-messaging:23.3.1] AndroidManifest.xml:61:17-119
204                android:value="com.google.firebase.components.ComponentRegistrar" />
204-->[com.google.firebase:firebase-messaging:23.3.1] AndroidManifest.xml:62:17-82
205            <meta-data
205-->[com.google.firebase:firebase-iid:21.1.0] AndroidManifest.xml:32:13-34:85
206                android:name="com.google.firebase.components:com.google.firebase.iid.Registrar"
206-->[com.google.firebase:firebase-iid:21.1.0] AndroidManifest.xml:33:17-96
207                android:value="com.google.firebase.components.ComponentRegistrar" />
207-->[com.google.firebase:firebase-iid:21.1.0] AndroidManifest.xml:34:17-82
208            <meta-data
208-->[com.google.firebase:firebase-sessions:1.2.0] AndroidManifest.xml:29:13-31:85
209                android:name="com.google.firebase.components:com.google.firebase.sessions.FirebaseSessionsRegistrar"
209-->[com.google.firebase:firebase-sessions:1.2.0] AndroidManifest.xml:30:17-117
210                android:value="com.google.firebase.components.ComponentRegistrar" />
210-->[com.google.firebase:firebase-sessions:1.2.0] AndroidManifest.xml:31:17-82
211            <meta-data
211-->[com.google.firebase:firebase-installations:17.2.0] AndroidManifest.xml:15:13-17:85
212                android:name="com.google.firebase.components:com.google.firebase.installations.FirebaseInstallationsKtxRegistrar"
212-->[com.google.firebase:firebase-installations:17.2.0] AndroidManifest.xml:16:17-130
213                android:value="com.google.firebase.components.ComponentRegistrar" />
213-->[com.google.firebase:firebase-installations:17.2.0] AndroidManifest.xml:17:17-82
214            <meta-data
214-->[com.google.firebase:firebase-installations:17.2.0] AndroidManifest.xml:18:13-20:85
215                android:name="com.google.firebase.components:com.google.firebase.installations.FirebaseInstallationsRegistrar"
215-->[com.google.firebase:firebase-installations:17.2.0] AndroidManifest.xml:19:17-127
216                android:value="com.google.firebase.components.ComponentRegistrar" />
216-->[com.google.firebase:firebase-installations:17.2.0] AndroidManifest.xml:20:17-82
217            <meta-data
217-->[com.google.firebase:firebase-common-ktx:20.4.2] AndroidManifest.xml:12:13-14:85
218                android:name="com.google.firebase.components:com.google.firebase.ktx.FirebaseCommonLegacyRegistrar"
218-->[com.google.firebase:firebase-common-ktx:20.4.2] AndroidManifest.xml:13:17-116
219                android:value="com.google.firebase.components.ComponentRegistrar" />
219-->[com.google.firebase:firebase-common-ktx:20.4.2] AndroidManifest.xml:14:17-82
220            <meta-data
220-->[com.google.firebase:firebase-datatransport:18.1.8] AndroidManifest.xml:27:13-29:85
221                android:name="com.google.firebase.components:com.google.firebase.datatransport.TransportRegistrar"
221-->[com.google.firebase:firebase-datatransport:18.1.8] AndroidManifest.xml:28:17-115
222                android:value="com.google.firebase.components.ComponentRegistrar" />
222-->[com.google.firebase:firebase-datatransport:18.1.8] AndroidManifest.xml:29:17-82
223            <meta-data
223-->[com.google.firebase:firebase-common:20.4.2] AndroidManifest.xml:35:13-37:85
224                android:name="com.google.firebase.components:com.google.firebase.FirebaseCommonKtxRegistrar"
224-->[com.google.firebase:firebase-common:20.4.2] AndroidManifest.xml:36:17-109
225                android:value="com.google.firebase.components.ComponentRegistrar" />
225-->[com.google.firebase:firebase-common:20.4.2] AndroidManifest.xml:37:17-82
226        </service>
227
228        <provider
228-->[:firebase_messaging] AndroidManifest.xml:43:9-47:38
229            android:name="io.flutter.plugins.firebase.messaging.FlutterFirebaseMessagingInitProvider"
229-->[:firebase_messaging] AndroidManifest.xml:44:13-102
230            android:authorities="com.stylemixthemes.masterstudyapp.flutterfirebasemessaginginitprovider"
230-->[:firebase_messaging] AndroidManifest.xml:45:13-88
231            android:exported="false"
231-->[:firebase_messaging] AndroidManifest.xml:46:13-37
232            android:initOrder="99" />
232-->[:firebase_messaging] AndroidManifest.xml:47:13-35
233        <!--
234           Declares a provider which allows us to store files to share in
235           '.../caches/share_plus' and grant the receiving action access
236        -->
237        <provider
237-->[:share_plus] AndroidManifest.xml:15:9-23:20
238            android:name="dev.fluttercommunity.plus.share.ShareFileProvider"
238-->[:share_plus] AndroidManifest.xml:16:13-77
239            android:authorities="com.stylemixthemes.masterstudyapp.flutter.share_provider"
239-->[:share_plus] AndroidManifest.xml:17:13-74
240            android:exported="false"
240-->[:share_plus] AndroidManifest.xml:18:13-37
241            android:grantUriPermissions="true" >
241-->[:share_plus] AndroidManifest.xml:19:13-47
242            <meta-data
242-->[:share_plus] AndroidManifest.xml:20:13-22:68
243                android:name="android.support.FILE_PROVIDER_PATHS"
243-->[:share_plus] AndroidManifest.xml:21:17-67
244                android:resource="@xml/flutter_share_file_paths" />
244-->[:share_plus] AndroidManifest.xml:22:17-65
245        </provider>
246        <!--
247           This manifest declared broadcast receiver allows us to use an explicit
248           Intent when creating a PendingItent to be informed of the user's choice
249        -->
250        <receiver
250-->[:share_plus] AndroidManifest.xml:28:9-34:20
251            android:name="dev.fluttercommunity.plus.share.SharePlusPendingIntent"
251-->[:share_plus] AndroidManifest.xml:29:13-82
252            android:exported="false" >
252-->[:share_plus] AndroidManifest.xml:30:13-37
253            <intent-filter>
253-->[:share_plus] AndroidManifest.xml:31:13-33:29
254                <action android:name="EXTRA_CHOSEN_COMPONENT" />
254-->[:share_plus] AndroidManifest.xml:32:17-65
254-->[:share_plus] AndroidManifest.xml:32:25-62
255            </intent-filter>
256        </receiver>
257
258        <provider
258-->[:image_picker_android] AndroidManifest.xml:10:9-18:20
259            android:name="io.flutter.plugins.imagepicker.ImagePickerFileProvider"
259-->[:image_picker_android] AndroidManifest.xml:11:13-82
260            android:authorities="com.stylemixthemes.masterstudyapp.flutter.image_provider"
260-->[:image_picker_android] AndroidManifest.xml:12:13-74
261            android:exported="false"
261-->[:image_picker_android] AndroidManifest.xml:13:13-37
262            android:grantUriPermissions="true" >
262-->[:image_picker_android] AndroidManifest.xml:14:13-47
263            <meta-data
263-->[:share_plus] AndroidManifest.xml:20:13-22:68
264                android:name="android.support.FILE_PROVIDER_PATHS"
264-->[:share_plus] AndroidManifest.xml:21:17-67
265                android:resource="@xml/flutter_image_picker_file_paths" />
265-->[:share_plus] AndroidManifest.xml:22:17-65
266        </provider>
267
268        <activity
268-->[:url_launcher_android] AndroidManifest.xml:10:9-13:74
269            android:name="io.flutter.plugins.urllauncher.WebViewActivity"
269-->[:url_launcher_android] AndroidManifest.xml:11:13-74
270            android:exported="false"
270-->[:url_launcher_android] AndroidManifest.xml:12:13-37
271            android:theme="@android:style/Theme.NoTitleBar.Fullscreen" />
271-->[:url_launcher_android] AndroidManifest.xml:13:13-71
272        <activity
272-->[:flutter_inappwebview_android] AndroidManifest.xml:16:9-20:47
273            android:name="com.pichillilorenzo.flutter_inappwebview_android.in_app_browser.InAppBrowserActivity"
273-->[:flutter_inappwebview_android] AndroidManifest.xml:17:13-112
274            android:configChanges="orientation|keyboardHidden|keyboard|screenSize|locale|layoutDirection|fontScale|screenLayout|density"
274-->[:flutter_inappwebview_android] AndroidManifest.xml:18:13-137
275            android:exported="false"
275-->[:flutter_inappwebview_android] AndroidManifest.xml:19:13-37
276            android:theme="@style/AppTheme" />
276-->[:flutter_inappwebview_android] AndroidManifest.xml:20:13-44
277        <activity
277-->[:flutter_inappwebview_android] AndroidManifest.xml:21:9-24:55
278            android:name="com.pichillilorenzo.flutter_inappwebview_android.chrome_custom_tabs.ChromeCustomTabsActivity"
278-->[:flutter_inappwebview_android] AndroidManifest.xml:22:13-120
279            android:exported="false"
279-->[:flutter_inappwebview_android] AndroidManifest.xml:23:13-37
280            android:theme="@style/ThemeTransparent" />
280-->[:flutter_inappwebview_android] AndroidManifest.xml:24:13-52
281        <activity
281-->[:flutter_inappwebview_android] AndroidManifest.xml:25:9-28:55
282            android:name="com.pichillilorenzo.flutter_inappwebview_android.chrome_custom_tabs.TrustedWebActivity"
282-->[:flutter_inappwebview_android] AndroidManifest.xml:26:13-114
283            android:exported="false"
283-->[:flutter_inappwebview_android] AndroidManifest.xml:27:13-37
284            android:theme="@style/ThemeTransparent" />
284-->[:flutter_inappwebview_android] AndroidManifest.xml:28:13-52
285        <activity
285-->[:flutter_inappwebview_android] AndroidManifest.xml:29:9-33:55
286            android:name="com.pichillilorenzo.flutter_inappwebview_android.chrome_custom_tabs.ChromeCustomTabsActivitySingleInstance"
286-->[:flutter_inappwebview_android] AndroidManifest.xml:30:13-134
287            android:exported="false"
287-->[:flutter_inappwebview_android] AndroidManifest.xml:31:13-37
288            android:launchMode="singleInstance"
288-->[:flutter_inappwebview_android] AndroidManifest.xml:32:13-48
289            android:theme="@style/ThemeTransparent" />
289-->[:flutter_inappwebview_android] AndroidManifest.xml:33:13-52
290        <activity
290-->[:flutter_inappwebview_android] AndroidManifest.xml:34:9-38:55